<?xml version="1.0" encoding="UTF-8"?>
<coverage generated="1694285883077" clover="3.2.0">
  <project timestamp="1694285883077" name="All files">
    <metrics statements="35" coveredstatements="27" conditionals="4" coveredconditionals="3" methods="14" coveredmethods="7" elements="53" coveredelements="37" complexity="0" loc="35" ncloc="35" packages="2" files="8" classes="8"/>
    <package name="components">
      <metrics statements="17" coveredstatements="14" conditionals="4" coveredconditionals="3" methods="7" coveredmethods="5"/>
      <file name="Contact.js" path="C:\Users\hp\Desktop\react\episode-7\src\components\Contact.js">
        <metrics statements="2" coveredstatements="2" conditionals="0" coveredconditionals="0" methods="1" coveredmethods="1"/>
        <line num="1" count="1" type="stmt"/>
        <line num="2" count="1" type="stmt"/>
      </file>
      <file name="Header.js" path="C:\Users\hp\Desktop\react\episode-7\src\components\Header.js">
        <metrics statements="7" coveredstatements="7" conditionals="4" coveredconditionals="3" methods="3" coveredmethods="3"/>
        <line num="8" count="1" type="stmt"/>
        <line num="10" count="5" type="stmt"/>
        <line num="11" count="5" type="stmt"/>
        <line num="13" count="5" type="stmt"/>
        <line num="16" count="8" type="stmt"/>
        <line num="17" count="5" type="stmt"/>
        <line num="31" count="2" type="cond" truecount="2" falsecount="0"/>
      </file>
      <file name="Restaurant.js" path="C:\Users\hp\Desktop\react\episode-7\src\components\Restaurant.js">
        <metrics statements="8" coveredstatements="5" conditionals="0" coveredconditionals="0" methods="3" coveredmethods="1"/>
        <line num="2" count="1" type="stmt"/>
        <line num="3" count="5" type="stmt"/>
        <line num="4" count="4" type="stmt"/>
        <line num="5" count="4" type="stmt"/>
        <line num="6" count="0" type="stmt"/>
        <line num="34" count="1" type="stmt"/>
        <line num="35" count="0" type="stmt"/>
        <line num="36" count="0" type="stmt"/>
      </file>
    </package>
    <package name="utils">
      <metrics statements="18" coveredstatements="13" conditionals="0" coveredconditionals="0" methods="7" coveredmethods="2"/>
      <file name="UserContext.js" path="C:\Users\hp\Desktop\react\episode-7\src\utils\UserContext.js">
        <metrics statements="1" coveredstatements="1" conditionals="0" coveredconditionals="0" methods="0" coveredmethods="0"/>
        <line num="4" count="1" type="stmt"/>
      </file>
      <file name="appStore.js" path="C:\Users\hp\Desktop\react\episode-7\src\utils\appStore.js">
        <metrics statements="1" coveredstatements="1" conditionals="0" coveredconditionals="0" methods="0" coveredmethods="0"/>
        <line num="4" count="1" type="stmt"/>
      </file>
      <file name="cartSlice.js" path="C:\Users\hp\Desktop\react\episode-7\src\utils\cartSlice.js">
        <metrics statements="5" coveredstatements="2" conditionals="0" coveredconditionals="0" methods="3" coveredmethods="0"/>
        <line num="3" count="1" type="stmt"/>
        <line num="10" count="0" type="stmt"/>
        <line num="13" count="0" type="stmt"/>
        <line num="16" count="0" type="stmt"/>
        <line num="21" count="1" type="stmt"/>
      </file>
      <file name="constants.js" path="C:\Users\hp\Desktop\react\episode-7\src\utils\constants.js">
        <metrics statements="3" coveredstatements="3" conditionals="0" coveredconditionals="0" methods="0" coveredmethods="0"/>
        <line num="1" count="2" type="stmt"/>
        <line num="3" count="2" type="stmt"/>
        <line num="4" count="2" type="stmt"/>
      </file>
      <file name="useOnlineStatus.js" path="C:\Users\hp\Desktop\react\episode-7\src\utils\useOnlineStatus.js">
        <metrics statements="8" coveredstatements="6" conditionals="0" coveredconditionals="0" methods="4" coveredmethods="2"/>
        <line num="3" count="1" type="stmt"/>
        <line num="4" count="5" type="stmt"/>
        <line num="5" count="5" type="stmt"/>
        <line num="6" count="3" type="stmt"/>
        <line num="7" count="0" type="stmt"/>
        <line num="9" count="3" type="stmt"/>
        <line num="10" count="0" type="stmt"/>
        <line num="13" count="5" type="stmt"/>
      </file>
    </package>
  </project>
</coverage>
