{"C:\\Users\\hp\\Desktop\\react\\episode-7\\src\\components\\Contact.js": {"path":"C:\\Users\\hp\\Desktop\\react\\episode-7\\src\\components\\Contact.js","statementMap":{"0":{"start":{"line":1,"column":16},"end":{"line":5,"column":1}},"1":{"start":{"line":2,"column":4},"end":{"line":4,"column":6}}},"fnMap":{"0":{"name":"(anonymous_0)","decl":{"start":{"line":1,"column":16},"end":{"line":1,"column":17}},"loc":{"start":{"line":1,"column":20},"end":{"line":5,"column":1}},"line":1}},"branchMap":{},"s":{"0":1,"1":1},"f":{"0":1},"b":{},"_coverageSchema":"1a1c01bbd47fc00a2c39e90264f33305004495a9","hash":"1f18053cac890c208717dd8ad184b10e62415042"}
,"C:\\Users\\hp\\Desktop\\react\\episode-7\\src\\components\\Header.js": {"path":"C:\\Users\\hp\\Desktop\\react\\episode-7\\src\\components\\Header.js","statementMap":{"0":{"start":{"line":8,"column":32},"end":{"line":40,"column":1}},"1":{"start":{"line":10,"column":38},"end":{"line":10,"column":55}},"2":{"start":{"line":11,"column":25},"end":{"line":11,"column":42}},"3":{"start":{"line":13,"column":27},"end":{"line":13,"column":50}},"4":{"start":{"line":16,"column":22},"end":{"line":16,"column":59}},"5":{"start":{"line":16,"column":42},"end":{"line":16,"column":58}},"6":{"start":{"line":17,"column":4},"end":{"line":39,"column":6}},"7":{"start":{"line":31,"column":19},"end":{"line":31,"column":96}}},"fnMap":{"0":{"name":"(anonymous_0)","decl":{"start":{"line":8,"column":32},"end":{"line":8,"column":33}},"loc":{"start":{"line":8,"column":36},"end":{"line":40,"column":1}},"line":8},"1":{"name":"(anonymous_1)","decl":{"start":{"line":16,"column":34},"end":{"line":16,"column":35}},"loc":{"start":{"line":16,"column":42},"end":{"line":16,"column":58}},"line":16},"2":{"name":"(anonymous_2)","decl":{"start":{"line":30,"column":26},"end":{"line":30,"column":27}},"loc":{"start":{"line":30,"column":30},"end":{"line":32,"column":17}},"line":30}},"branchMap":{"0":{"loc":{"start":{"line":24,"column":94},"end":{"line":24,"column":119}},"type":"cond-expr","locations":[{"start":{"line":24,"column":109},"end":{"line":24,"column":112}},{"start":{"line":24,"column":115},"end":{"line":24,"column":119}}],"line":24},"1":{"loc":{"start":{"line":31,"column":19},"end":{"line":31,"column":95}},"type":"cond-expr","locations":[{"start":{"line":31,"column":45},"end":{"line":31,"column":69}},{"start":{"line":31,"column":72},"end":{"line":31,"column":95}}],"line":31}},"s":{"0":1,"1":5,"2":5,"3":5,"4":5,"5":8,"6":5,"7":2},"f":{"0":5,"1":8,"2":2},"b":{"0":[5,0],"1":[1,1]},"_coverageSchema":"1a1c01bbd47fc00a2c39e90264f33305004495a9","hash":"b28d691ac03dd51a3135806e55f8c926ad1cac7a"}
,"C:\\Users\\hp\\Desktop\\react\\episode-7\\src\\components\\Restaurant.js": {"path":"C:\\Users\\hp\\Desktop\\react\\episode-7\\src\\components\\Restaurant.js","statementMap":{"0":{"start":{"line":2,"column":23},"end":{"line":33,"column":1}},"1":{"start":{"line":3,"column":24},"end":{"line":3,"column":29}},"2":{"start":{"line":4,"column":4},"end":{"line":4,"column":25}},"3":{"start":{"line":5,"column":62},"end":{"line":5,"column":69}},"4":{"start":{"line":6,"column":4},"end":{"line":32,"column":6}},"5":{"start":{"line":34,"column":39},"end":{"line":43,"column":1}},"6":{"start":{"line":35,"column":2},"end":{"line":42,"column":3}},"7":{"start":{"line":36,"column":4},"end":{"line":41,"column":5}}},"fnMap":{"0":{"name":"(anonymous_0)","decl":{"start":{"line":2,"column":23},"end":{"line":2,"column":24}},"loc":{"start":{"line":2,"column":32},"end":{"line":33,"column":1}},"line":2},"1":{"name":"(anonymous_1)","decl":{"start":{"line":34,"column":39},"end":{"line":34,"column":40}},"loc":{"start":{"line":34,"column":57},"end":{"line":43,"column":1}},"line":34},"2":{"name":"(anonymous_2)","decl":{"start":{"line":35,"column":9},"end":{"line":35,"column":10}},"loc":{"start":{"line":35,"column":18},"end":{"line":42,"column":3}},"line":35}},"branchMap":{},"s":{"0":1,"1":5,"2":4,"3":4,"4":0,"5":1,"6":0,"7":0},"f":{"0":5,"1":0,"2":0},"b":{},"_coverageSchema":"1a1c01bbd47fc00a2c39e90264f33305004495a9","hash":"1325c67a379c1675337afd300a431668187904f0"}
,"C:\\Users\\hp\\Desktop\\react\\episode-7\\src\\utils\\UserContext.js": {"path":"C:\\Users\\hp\\Desktop\\react\\episode-7\\src\\utils\\UserContext.js","statementMap":{"0":{"start":{"line":4,"column":20},"end":{"line":6,"column":2}}},"fnMap":{},"branchMap":{},"s":{"0":1},"f":{},"b":{},"_coverageSchema":"1a1c01bbd47fc00a2c39e90264f33305004495a9","hash":"10162279c8c3eed9cf5a9cc36e09d40d725b959b"}
,"C:\\Users\\hp\\Desktop\\react\\episode-7\\src\\utils\\appStore.js": {"path":"C:\\Users\\hp\\Desktop\\react\\episode-7\\src\\utils\\appStore.js","statementMap":{"0":{"start":{"line":4,"column":17},"end":{"line":8,"column":2}}},"fnMap":{},"branchMap":{},"s":{"0":1},"f":{},"b":{},"_coverageSchema":"1a1c01bbd47fc00a2c39e90264f33305004495a9","hash":"d87adafee17be1c2b9ae4f248425619b667c9d85"}
,"C:\\Users\\hp\\Desktop\\react\\episode-7\\src\\utils\\cartSlice.js": {"path":"C:\\Users\\hp\\Desktop\\react\\episode-7\\src\\utils\\cartSlice.js","statementMap":{"0":{"start":{"line":3,"column":18},"end":{"line":20,"column":2}},"1":{"start":{"line":10,"column":12},"end":{"line":10,"column":44}},"2":{"start":{"line":13,"column":12},"end":{"line":13,"column":30}},"3":{"start":{"line":16,"column":12},"end":{"line":16,"column":34}},"4":{"start":{"line":21,"column":45},"end":{"line":21,"column":62}}},"fnMap":{"0":{"name":"(anonymous_0)","decl":{"start":{"line":9,"column":18},"end":{"line":9,"column":19}},"loc":{"start":{"line":9,"column":34},"end":{"line":11,"column":9}},"line":9},"1":{"name":"(anonymous_1)","decl":{"start":{"line":12,"column":21},"end":{"line":12,"column":22}},"loc":{"start":{"line":12,"column":30},"end":{"line":14,"column":9}},"line":12},"2":{"name":"(anonymous_2)","decl":{"start":{"line":15,"column":20},"end":{"line":15,"column":21}},"loc":{"start":{"line":15,"column":29},"end":{"line":17,"column":9}},"line":15}},"branchMap":{},"s":{"0":1,"1":0,"2":0,"3":0,"4":1},"f":{"0":0,"1":0,"2":0},"b":{},"_coverageSchema":"1a1c01bbd47fc00a2c39e90264f33305004495a9","hash":"509cf38ac7aa8da0c7d520405a9f4e00733330b4"}
,"C:\\Users\\hp\\Desktop\\react\\episode-7\\src\\utils\\constants.js": {"path":"C:\\Users\\hp\\Desktop\\react\\episode-7\\src\\utils\\constants.js","statementMap":{"0":{"start":{"line":1,"column":24},"end":{"line":1,"column":102}},"1":{"start":{"line":3,"column":23},"end":{"line":3,"column":114}},"2":{"start":{"line":4,"column":25},"end":{"line":4,"column":155}}},"fnMap":{},"branchMap":{},"s":{"0":2,"1":2,"2":2},"f":{},"b":{},"_coverageSchema":"1a1c01bbd47fc00a2c39e90264f33305004495a9","hash":"f7a91ae990d032d199e3070360eb5f59982b29e2"}
,"C:\\Users\\hp\\Desktop\\react\\episode-7\\src\\utils\\useOnlineStatus.js": {"path":"C:\\Users\\hp\\Desktop\\react\\episode-7\\src\\utils\\useOnlineStatus.js","statementMap":{"0":{"start":{"line":3,"column":24},"end":{"line":14,"column":1}},"1":{"start":{"line":4,"column":43},"end":{"line":4,"column":57}},"2":{"start":{"line":5,"column":3},"end":{"line":12,"column":9}},"3":{"start":{"line":6,"column":4},"end":{"line":8,"column":7}},"4":{"start":{"line":7,"column":8},"end":{"line":7,"column":30}},"5":{"start":{"line":9,"column":4},"end":{"line":11,"column":7}},"6":{"start":{"line":10,"column":8},"end":{"line":10,"column":31}},"7":{"start":{"line":13,"column":4},"end":{"line":13,"column":24}}},"fnMap":{"0":{"name":"(anonymous_0)","decl":{"start":{"line":3,"column":24},"end":{"line":3,"column":25}},"loc":{"start":{"line":3,"column":29},"end":{"line":14,"column":1}},"line":3},"1":{"name":"(anonymous_1)","decl":{"start":{"line":5,"column":13},"end":{"line":5,"column":14}},"loc":{"start":{"line":5,"column":17},"end":{"line":12,"column":4}},"line":5},"2":{"name":"(anonymous_2)","decl":{"start":{"line":6,"column":30},"end":{"line":6,"column":31}},"loc":{"start":{"line":6,"column":34},"end":{"line":8,"column":5}},"line":6},"3":{"name":"(anonymous_3)","decl":{"start":{"line":9,"column":31},"end":{"line":9,"column":32}},"loc":{"start":{"line":9,"column":35},"end":{"line":11,"column":5}},"line":9}},"branchMap":{},"s":{"0":1,"1":5,"2":5,"3":3,"4":0,"5":3,"6":0,"7":5},"f":{"0":5,"1":3,"2":0,"3":0},"b":{},"_coverageSchema":"1a1c01bbd47fc00a2c39e90264f33305004495a9","hash":"b76ef2f35c7d98fe01116a0d44335180f8c56dc0"}
}
